#
# A fatal error has been detected by the Java Runtime Environment:
#
#  SIGFPE (0x8) at pc=0x00007f0b0862015b, pid=5172, tid=5176
#
# JRE version: OpenJDK Runtime Environment (10.0.2+13) (build 10.0.2+13-Ubuntu-1ubuntu0.18.04.3)
# Java VM: OpenJDK 64-Bit Server VM (10.0.2+13-Ubuntu-1ubuntu0.18.04.3, mixed mode, tiered, compressed oops, g1 gc, linux-amd64)
# Problematic frame:
# C  [libopencv_java342.so+0x88115b]  cv::ml::ANN_MLPImpl::train_rprop(cv::Mat const&, cv::Mat const&, cv::Mat const&, cv::TermCriteria)+0x98b
#
# Core dump will be written. Default location: Core dumps may be processed with "/usr/share/apport/apport %p %s %c %d %P" (or dumping to /home/tobias/repos/P5/code/ssr/core.5172)
#
# If you would like to submit a bug report, please visit:
#   http://bugreport.java.com/bugreport/crash.jsp
# The crash happened outside the Java Virtual Machine in native code.
# See problematic frame for where to report the bug.
#

---------------  S U M M A R Y ------------

Command Line: -Dfile.encoding=UTF-8 -Duser.country=US -Duser.language=en -Duser.variant dk.sw502e18.ssr.Main -m /home/tobias/Desktop/GTSRB/model.yml -t /home/tobias/Desktop/GTSRB/Training/ -a /home/tobias/Desktop/GTSRB/Online-Test-sort/

Host: Intel(R) Core(TM) i7-4720HQ CPU @ 2.60GHz, 8 cores, 7G, Linux Mint 19 Tara
Time: Thu Dec  6 14:26:15 2018 CET elapsed time: 0 seconds (0d 0h 0m 0s)

---------------  T H R E A D  ---------------

Current thread (0x00007f0bb4012000):  JavaThread "main" [_thread_in_native, id=5176, stack(0x00007f0bbe344000,0x00007f0bbe445000)]

Stack: [0x00007f0bbe344000,0x00007f0bbe445000],  sp=0x00007f0bbe442d60,  free space=1019k
Native frames: (J=compiled Java code, A=aot compiled Java code, j=interpreted, Vv=VM code, C=native code)
C  [libopencv_java342.so+0x88115b]  cv::ml::ANN_MLPImpl::train_rprop(cv::Mat const&, cv::Mat const&, cv::Mat const&, cv::TermCriteria)+0x98b
C  0x3fc3333300000030

Java frames: (J=compiled Java code, j=interpreted, Vv=VM code)
j  org.opencv.ml.StatModel.train_0(JJIJ)Z+0
j  org.opencv.ml.StatModel.train(Lorg/opencv/core/Mat;ILorg/opencv/core/Mat;)Z+13
j  dk.sw502e18.ssr.ANN.train()V+111
j  dk.sw502e18.ssr.SSR.detect()V+26
j  dk.sw502e18.ssr.Main.main([Ljava/lang/String;)V+262
v  ~StubRoutines::call_stub

siginfo: si_signo: 8 (SIGFPE), si_code: 1 (FPE_INTDIV), si_addr: 0x00007f0b0862015b

Register to memory mapping:

RAX=
[error occurred during error reporting (printing register info), id 0x8]

Registers:
RAX=0x00000000ffffffff, RBX=0x00007f0bb4188a60, RCX=0x0000000000000c5a, RDX=0x00000000ffffffff
RSP=0x00007f0bbe442d60, RBP=0x00007f0bbe4430b0, RSI=0x0000000000000000, RDI=0x00007f0bbe443110
R8 =0x00000000000005dc, R9 =0x0000000000000002, R10=0x0000000000000000, R11=0x0000000000000000
R12=0x0000000000000120, R13=0x0000000000000004, R14=0x0000000000000010, R15=0x00007f0bbe442f50
RIP=0x00007f0b0862015b, EFLAGS=0x0000000000010206, CSGSFS=0x002b000000000033, ERR=0x0000000000000000
  TRAPNO=0x0000000000000000

Top of Stack: (sp=0x00007f0bbe442d60)
0x00007f0bbe442d60:   3ff3333333333333 4049000000000000
0x00007f0bbe442d70:   3fe0000000000000 3fb999999999999a
0x00007f0bbe442d80:   00007f0b0000062d 00000000000005dc
0x00007f0bbe442d90:   0000000000000010 00007f0bbe442e50 

Instructions: (pc=0x00007f0b0862015b)
0x00007f0b0862013b:   f7 f9 ba 01 00 00 00 85 c0 0f 4f d0 8b 44 24 78
0x00007f0b0862014b:   39 c2 0f 4f d0 8d 44 10 ff 89 d6 89 54 24 70 99
0x00007f0b0862015b:   f7 fe 45 85 c0 89 44 24 78 0f 8e 0b 08 00 00 41
0x00007f0b0862016b:   8d 45 ff f2 0f 10 3d 9a 40 df 02 c7 44 24 28 00 


---------------  P R O C E S S  ---------------

Threads class SMR info:
_java_thread_list=0x00007f0bb41e5000, length=11, elements={
0x00007f0bb4012000, 0x00007f0bb4143000, 0x00007f0bb4145000, 0x00007f0bb414e800,
0x00007f0bb4159000, 0x00007f0bb415b000, 0x00007f0bb415d000, 0x00007f0bb415f000,
0x00007f0bb4161000, 0x00007f0bb41dd800, 0x00007f0bb41eb800
}

Java Threads: ( => current thread )
=>0x00007f0bb4012000 JavaThread "main" [_thread_in_native, id=5176, stack(0x00007f0bbe344000,0x00007f0bbe445000)]
  0x00007f0bb4143000 JavaThread "Reference Handler" daemon [_thread_blocked, id=5198, stack(0x00007f0b986c0000,0x00007f0b987c1000)]
  0x00007f0bb4145000 JavaThread "Finalizer" daemon [_thread_blocked, id=5199, stack(0x00007f0b985bf000,0x00007f0b986c0000)]
  0x00007f0bb414e800 JavaThread "Signal Dispatcher" daemon [_thread_blocked, id=5201, stack(0x00007f0b981e0000,0x00007f0b982e1000)]
  0x00007f0bb4159000 JavaThread "C2 CompilerThread0" daemon [_thread_blocked, id=5202, stack(0x00007f0b980df000,0x00007f0b981e0000)]
  0x00007f0bb415b000 JavaThread "C2 CompilerThread1" daemon [_thread_blocked, id=5203, stack(0x00007f0b78027000,0x00007f0b78128000)]
  0x00007f0bb415d000 JavaThread "C2 CompilerThread2" daemon [_thread_blocked, id=5204, stack(0x00007f0b2feff000,0x00007f0b30000000)]
  0x00007f0bb415f000 JavaThread "C1 CompilerThread3" daemon [_thread_blocked, id=5205, stack(0x00007f0b2fdfe000,0x00007f0b2feff000)]
  0x00007f0bb4161000 JavaThread "Sweeper thread" daemon [_thread_blocked, id=5206, stack(0x00007f0b2fcfd000,0x00007f0b2fdfe000)]
  0x00007f0bb41dd800 JavaThread "Service Thread" daemon [_thread_blocked, id=5207, stack(0x00007f0b2fbfc000,0x00007f0b2fcfd000)]
  0x00007f0bb41eb800 JavaThread "Common-Cleaner" daemon [_thread_blocked, id=5209, stack(0x00007f0b2f9f9000,0x00007f0b2fafa000)]

Other Threads:
  0x00007f0bb4139800 VMThread "VM Thread" [stack: 0x00007f0b987c3000,0x00007f0b988c3000] [id=5197]
  0x00007f0bb41df800 WatcherThread [stack: 0x00007f0b2fafc000,0x00007f0b2fbfc000] [id=5208]
  0x00007f0bb4029000 GCTaskThread "GC Thread#0" [stack: 0x00007f0bba480000,0x00007f0bba580000] [id=5177]
  0x00007f0bb402a800 GCTaskThread "GC Thread#1" [stack: 0x00007f0bba37e000,0x00007f0bba47e000] [id=5178]
  0x00007f0bb402c000 GCTaskThread "GC Thread#2" [stack: 0x00007f0bba27c000,0x00007f0bba37c000] [id=5179]
  0x00007f0bb402d800 GCTaskThread "GC Thread#3" [stack: 0x00007f0bba17a000,0x00007f0bba27a000] [id=5180]
  0x00007f0bb402f800 GCTaskThread "GC Thread#4" [stack: 0x00007f0bba078000,0x00007f0bba178000] [id=5181]
  0x00007f0bb4031000 GCTaskThread "GC Thread#5" [stack: 0x00007f0bb9f76000,0x00007f0bba076000] [id=5182]
  0x00007f0bb4033000 GCTaskThread "GC Thread#6" [stack: 0x00007f0bb9e74000,0x00007f0bb9f74000] [id=5183]
  0x00007f0bb4034800 GCTaskThread "GC Thread#7" [stack: 0x00007f0bb9d72000,0x00007f0bb9e72000] [id=5184]
  0x00007f0bb405e000 ConcurrentGCThread "G1 Main Marker" [stack: 0x00007f0bb88d7000,0x00007f0bb89d7000] [id=5185]
  0x00007f0bb4060000 ConcurrentGCThread "G1 Conc#0" [stack: 0x00007f0bb87d5000,0x00007f0bb88d5000] [id=5186]
  0x00007f0bb4061800 ConcurrentGCThread "G1 Conc#1" [stack: 0x00007f0bb86d3000,0x00007f0bb87d3000] [id=5187]
  0x00007f0bb40ca000 ConcurrentGCThread "G1 Refine#0" [stack: 0x00007f0b9994b000,0x00007f0b99a4b000] [id=5188]
  0x00007f0bb40cb800 ConcurrentGCThread "G1 Refine#1" [stack: 0x00007f0b99849000,0x00007f0b99949000] [id=5189]
  0x00007f0bb40cd800 ConcurrentGCThread "G1 Refine#2" [stack: 0x00007f0b99747000,0x00007f0b99847000] [id=5190]
  0x00007f0bb40cf000 ConcurrentGCThread "G1 Refine#3" [stack: 0x00007f0b99645000,0x00007f0b99745000] [id=5191]
  0x00007f0bb40d1000 ConcurrentGCThread "G1 Refine#4" [stack: 0x00007f0b99543000,0x00007f0b99643000] [id=5192]
  0x00007f0bb40d2800 ConcurrentGCThread "G1 Refine#5" [stack: 0x00007f0b99441000,0x00007f0b99541000] [id=5193]
  0x00007f0bb40d4800 ConcurrentGCThread "G1 Refine#6" [stack: 0x00007f0b9933f000,0x00007f0b9943f000] [id=5194]
  0x00007f0bb40d6000 ConcurrentGCThread "G1 Refine#7" [stack: 0x00007f0b9923d000,0x00007f0b9933d000] [id=5195]
  0x00007f0bb40d8000 ConcurrentGCThread "G1 Young RemSet Sampling" [stack: 0x00007f0b9913b000,0x00007f0b9923b000] [id=5196]

Threads with active compile tasks:

VM state:not at safepoint (normal execution)

VM Mutex/Monitor currently owned by a thread: None

Heap address: 0x0000000084a00000, size: 1974 MB, Compressed Oops mode: 32-bit
Narrow klass base: 0x0000000000000000, Narrow klass shift: 3
Compressed class space size: 1073741824 Address: 0x0000000100000000

Heap:
 garbage-first heap   total 126976K, used 3072K [0x0000000084a00000, 0x0000000100000000)
  region size 1024K, 4 young (4096K), 0 survivors (0K)
 Metaspace       used 8148K, capacity 8292K, committed 8448K, reserved 1056768K
  class space    used 720K, capacity 768K, committed 768K, reserved 1048576K
Heap Regions: E=young(eden), S=young(survivor), O=old, HS=humongous(starts), HC=humongous(continues), CS=collection set, F=free, A=archive, TS=gc time stamp, AC=allocation context, TAMS=top-at-mark-start (previous, next)
|   0|0x0000000084a00000, 0x0000000084a00000, 0x0000000084b00000|  0%| F|  |TS  0|AC  0|TAMS 0x0000000084a00000, 0x0000000084a00000|
|   1|0x0000000084b00000, 0x0000000084b00000, 0x0000000084c00000|  0%| F|  |TS  0|AC  0|TAMS 0x0000000084b00000, 0x0000000084b00000|
|   2|0x0000000084c00000, 0x0000000084c00000, 0x0000000084d00000|  0%| F|  |TS  0|AC  0|TAMS 0x0000000084c00000, 0x0000000084c00000|
|   3|0x0000000084d00000, 0x0000000084d00000, 0x0000000084e00000|  0%| F|  |TS  0|AC  0|TAMS 0x0000000084d00000, 0x0000000084d00000|
|   4|0x0000000084e00000, 0x0000000084e00000, 0x0000000084f00000|  0%| F|  |TS  0|AC  0|TAMS 0x0000000084e00000, 0x0000000084e00000|
|   5|0x0000000084f00000, 0x0000000084f00000, 0x0000000085000000|  0%| F|  |TS  0|AC  0|TAMS 0x0000000084f00000, 0x0000000084f00000|
|   6|0x0000000085000000, 0x0000000085000000, 0x0000000085100000|  0%| F|  |TS  0|AC  0|TAMS 0x0000000085000000, 0x0000000085000000|
|   7|0x0000000085100000, 0x0000000085100000, 0x0000000085200000|  0%| F|  |TS  0|AC  0|TAMS 0x0000000085100000, 0x0000000085100000|
|   8|0x0000000085200000, 0x0000000085200000, 0x0000000085300000|  0%| F|  |TS  0|AC  0|TAMS 0x0000000085200000, 0x0000000085200000|
|   9|0x0000000085300000, 0x0000000085300000, 0x0000000085400000|  0%| F|  |TS  0|AC  0|TAMS 0x0000000085300000, 0x0000000085300000|
|  10|0x0000000085400000, 0x0000000085400000, 0x0000000085500000|  0%| F|  |TS  0|AC  0|TAMS 0x0000000085400000, 0x0000000085400000|
|  11|0x0000000085500000, 0x0000000085500000, 0x0000000085600000|  0%| F|  |TS  0|AC  0|TAMS 0x0000000085500000, 0x0000000085500000|
|  12|0x0000000085600000, 0x0000000085600000, 0x0000000085700000|  0%| F|  |TS  0|AC  0|TAMS 0x0000000085600000, 0x0000000085600000|
|  13|0x0000000085700000, 0x0000000085700000, 0x0000000085800000|  0%| F|  |TS  0|AC  0|TAMS 0x0000000085700000, 0x0000000085700000|
|  14|0x0000000085800000, 0x0000000085800000, 0x0000000085900000|  0%| F|  |TS  0|AC  0|TAMS 0x0000000085800000, 0x0000000085800000|
|  15|0x0000000085900000, 0x0000000085900000, 0x0000000085a00000|  0%| F|  |TS  0|AC  0|TAMS 0x0000000085900000, 0x0000000085900000|
|  16|0x0000000085a00000, 0x0000000085a00000, 0x0000000085b00000|  0%| F|  |TS  0|AC  0|TAMS 0x0000000085a00000, 0x0000000085a00000|
|  17|0x0000000085b00000, 0x0000000085b00000, 0x0000000085c00000|  0%| F|  |TS  0|AC  0|TAMS 0x0000000085b00000, 0x0000000085b00000|
|  18|0x0000000085c00000, 0x0000000085c00000, 0x0000000085d00000|  0%| F|  |TS  0|AC  0|TAMS 0x0000000085c00000, 0x0000000085c00000|
|  19|0x0000000085d00000, 0x0000000085d00000, 0x0000000085e00000|  0%| F|  |TS  0|AC  0|TAMS 0x0000000085d00000, 0x0000000085d00000|
|  20|0x0000000085e00000, 0x0000000085e00000, 0x0000000085f00000|  0%| F|  |TS  0|AC  0|TAMS 0x0000000085e00000, 0x0000000085e00000|
|  21|0x0000000085f00000, 0x0000000085f00000, 0x0000000086000000|  0%| F|  |TS  0|AC  0|TAMS 0x0000000085f00000, 0x0000000085f00000|
|  22|0x0000000086000000, 0x0000000086000000, 0x0000000086100000|  0%| F|  |TS  0|AC  0|TAMS 0x0000000086000000, 0x0000000086000000|
|  23|0x0000000086100000, 0x0000000086100000, 0x0000000086200000|  0%| F|  |TS  0|AC  0|TAMS 0x0000000086100000, 0x0000000086100000|
|  24|0x0000000086200000, 0x0000000086200000, 0x0000000086300000|  0%| F|  |TS  0|AC  0|TAMS 0x0000000086200000, 0x0000000086200000|
|  25|0x0000000086300000, 0x0000000086300000, 0x0000000086400000|  0%| F|  |TS  0|AC  0|TAMS 0x0000000086300000, 0x0000000086300000|
|  26|0x0000000086400000, 0x0000000086400000, 0x0000000086500000|  0%| F|  |TS  0|AC  0|TAMS 0x0000000086400000, 0x0000000086400000|
|  27|0x0000000086500000, 0x0000000086500000, 0x0000000086600000|  0%| F|  |TS  0|AC  0|TAMS 0x0000000086500000, 0x0000000086500000|
|  28|0x0000000086600000, 0x0000000086600000, 0x0000000086700000|  0%| F|  |TS  0|AC  0|TAMS 0x0000000086600000, 0x0000000086600000|
|  29|0x0000000086700000, 0x0000000086700000, 0x0000000086800000|  0%| F|  |TS  0|AC  0|TAMS 0x0000000086700000, 0x0000000086700000|
|  30|0x0000000086800000, 0x0000000086800000, 0x0000000086900000|  0%| F|  |TS  0|AC  0|TAMS 0x0000000086800000, 0x0000000086800000|
|  31|0x0000000086900000, 0x0000000086900000, 0x0000000086a00000|  0%| F|  |TS  0|AC  0|TAMS 0x0000000086900000, 0x0000000086900000|
|  32|0x0000000086a00000, 0x0000000086a00000, 0x0000000086b00000|  0%| F|  |TS  0|AC  0|TAMS 0x0000000086a00000, 0x0000000086a00000|
|  33|0x0000000086b00000, 0x0000000086b00000, 0x0000000086c00000|  0%| F|  |TS  0|AC  0|TAMS 0x0000000086b00000, 0x0000000086b00000|
|  34|0x0000000086c00000, 0x0000000086c00000, 0x0000000086d00000|  0%| F|  |TS  0|AC  0|TAMS 0x0000000086c00000, 0x0000000086c00000|
|  35|0x0000000086d00000, 0x0000000086d00000, 0x0000000086e00000|  0%| F|  |TS  0|AC  0|TAMS 0x0000000086d00000, 0x0000000086d00000|
|  36|0x0000000086e00000, 0x0000000086e00000, 0x0000000086f00000|  0%| F|  |TS  0|AC  0|TAMS 0x0000000086e00000, 0x0000000086e00000|
|  37|0x0000000086f00000, 0x0000000086f00000, 0x0000000087000000|  0%| F|  |TS  0|AC  0|TAMS 0x0000000086f00000, 0x0000000086f00000|
|  38|0x0000000087000000, 0x0000000087000000, 0x0000000087100000|  0%| F|  |TS  0|AC  0|TAMS 0x0000000087000000, 0x0000000087000000|
|  39|0x0000000087100000, 0x0000000087100000, 0x0000000087200000|  0%| F|  |TS  0|AC  0|TAMS 0x0000000087100000, 0x0000000087100000|
|  40|0x0000000087200000, 0x0000000087200000, 0x0000000087300000|  0%| F|  |TS  0|AC  0|TAMS 0x0000000087200000, 0x0000000087200000|
|  41|0x0000000087300000, 0x0000000087300000, 0x0000000087400000|  0%| F|  |TS  0|AC  0|TAMS 0x0000000087300000, 0x0000000087300000|
|  42|0x0000000087400000, 0x0000000087400000, 0x0000000087500000|  0%| F|  |TS  0|AC  0|TAMS 0x0000000087400000, 0x0000000087400000|
|  43|0x0000000087500000, 0x0000000087500000, 0x0000000087600000|  0%| F|  |TS  0|AC  0|TAMS 0x0000000087500000, 0x0000000087500000|
|  44|0x0000000087600000, 0x0000000087600000, 0x0000000087700000|  0%| F|  |TS  0|AC  0|TAMS 0x0000000087600000, 0x0000000087600000|
|  45|0x0000000087700000, 0x0000000087700000, 0x0000000087800000|  0%| F|  |TS  0|AC  0|TAMS 0x0000000087700000, 0x0000000087700000|
|  46|0x0000000087800000, 0x0000000087800000, 0x0000000087900000|  0%| F|  |TS  0|AC  0|TAMS 0x0000000087800000, 0x0000000087800000|
|  47|0x0000000087900000, 0x0000000087900000, 0x0000000087a00000|  0%| F|  |TS  0|AC  0|TAMS 0x0000000087900000, 0x0000000087900000|
|  48|0x0000000087a00000, 0x0000000087a00000, 0x0000000087b00000|  0%| F|  |TS  0|AC  0|TAMS 0x0000000087a00000, 0x0000000087a00000|
|  49|0x0000000087b00000, 0x0000000087b00000, 0x0000000087c00000|  0%| F|  |TS  0|AC  0|TAMS 0x0000000087b00000, 0x0000000087b00000|
|  50|0x0000000087c00000, 0x0000000087c00000, 0x0000000087d00000|  0%| F|  |TS  0|AC  0|TAMS 0x0000000087c00000, 0x0000000087c00000|
|  51|0x0000000087d00000, 0x0000000087d00000, 0x0000000087e00000|  0%| F|  |TS  0|AC  0|TAMS 0x0000000087d00000, 0x0000000087d00000|
|  52|0x0000000087e00000, 0x0000000087e00000, 0x0000000087f00000|  0%| F|  |TS  0|AC  0|TAMS 0x0000000087e00000, 0x0000000087e00000|
|  53|0x0000000087f00000, 0x0000000087f00000, 0x0000000088000000|  0%| F|  |TS  0|AC  0|TAMS 0x0000000087f00000, 0x0000000087f00000|
|  54|0x0000000088000000, 0x0000000088000000, 0x0000000088100000|  0%| F|  |TS  0|AC  0|TAMS 0x0000000088000000, 0x0000000088000000|
|  55|0x0000000088100000, 0x0000000088100000, 0x0000000088200000|  0%| F|  |TS  0|AC  0|TAMS 0x0000000088100000, 0x0000000088100000|
|  56|0x0000000088200000, 0x0000000088200000, 0x0000000088300000|  0%| F|  |TS  0|AC  0|TAMS 0x0000000088200000, 0x0000000088200000|
|  57|0x0000000088300000, 0x0000000088300000, 0x0000000088400000|  0%| F|  |TS  0|AC  0|TAMS 0x0000000088300000, 0x0000000088300000|
|  58|0x0000000088400000, 0x0000000088400000, 0x0000000088500000|  0%| F|  |TS  0|AC  0|TAMS 0x0000000088400000, 0x0000000088400000|
|  59|0x0000000088500000, 0x0000000088500000, 0x0000000088600000|  0%| F|  |TS  0|AC  0|TAMS 0x0000000088500000, 0x0000000088500000|
|  60|0x0000000088600000, 0x0000000088600000, 0x0000000088700000|  0%| F|  |TS  0|AC  0|TAMS 0x0000000088600000, 0x0000000088600000|
|  61|0x0000000088700000, 0x0000000088700000, 0x0000000088800000|  0%| F|  |TS  0|AC  0|TAMS 0x0000000088700000, 0x0000000088700000|
|  62|0x0000000088800000, 0x0000000088800000, 0x0000000088900000|  0%| F|  |TS  0|AC  0|TAMS 0x0000000088800000, 0x0000000088800000|
|  63|0x0000000088900000, 0x0000000088900000, 0x0000000088a00000|  0%| F|  |TS  0|AC  0|TAMS 0x0000000088900000, 0x0000000088900000|
|  64|0x0000000088a00000, 0x0000000088a00000, 0x0000000088b00000|  0%| F|  |TS  0|AC  0|TAMS 0x0000000088a00000, 0x0000000088a00000|
|  65|0x0000000088b00000, 0x0000000088b00000, 0x0000000088c00000|  0%| F|  |TS  0|AC  0|TAMS 0x0000000088b00000, 0x0000000088b00000|
|  66|0x0000000088c00000, 0x0000000088c00000, 0x0000000088d00000|  0%| F|  |TS  0|AC  0|TAMS 0x0000000088c00000, 0x0000000088c00000|
|  67|0x0000000088d00000, 0x0000000088d00000, 0x0000000088e00000|  0%| F|  |TS  0|AC  0|TAMS 0x0000000088d00000, 0x0000000088d00000|
|  68|0x0000000088e00000, 0x0000000088e00000, 0x0000000088f00000|  0%| F|  |TS  0|AC  0|TAMS 0x0000000088e00000, 0x0000000088e00000|
|  69|0x0000000088f00000, 0x0000000088f00000, 0x0000000089000000|  0%| F|  |TS  0|AC  0|TAMS 0x0000000088f00000, 0x0000000088f00000|
|  70|0x0000000089000000, 0x0000000089000000, 0x0000000089100000|  0%| F|  |TS  0|AC  0|TAMS 0x0000000089000000, 0x0000000089000000|
|  71|0x0000000089100000, 0x0000000089100000, 0x0000000089200000|  0%| F|  |TS  0|AC  0|TAMS 0x0000000089100000, 0x0000000089100000|
|  72|0x0000000089200000, 0x0000000089200000, 0x0000000089300000|  0%| F|  |TS  0|AC  0|TAMS 0x0000000089200000, 0x0000000089200000|
|  73|0x0000000089300000, 0x0000000089300000, 0x0000000089400000|  0%| F|  |TS  0|AC  0|TAMS 0x0000000089300000, 0x0000000089300000|
|  74|0x0000000089400000, 0x0000000089400000, 0x0000000089500000|  0%| F|  |TS  0|AC  0|TAMS 0x0000000089400000, 0x0000000089400000|
|  75|0x0000000089500000, 0x0000000089500000, 0x0000000089600000|  0%| F|  |TS  0|AC  0|TAMS 0x0000000089500000, 0x0000000089500000|
|  76|0x0000000089600000, 0x0000000089600000, 0x0000000089700000|  0%| F|  |TS  0|AC  0|TAMS 0x0000000089600000, 0x0000000089600000|
|  77|0x0000000089700000, 0x0000000089700000, 0x0000000089800000|  0%| F|  |TS  0|AC  0|TAMS 0x0000000089700000, 0x0000000089700000|
|  78|0x0000000089800000, 0x0000000089800000, 0x0000000089900000|  0%| F|  |TS  0|AC  0|TAMS 0x0000000089800000, 0x0000000089800000|
|  79|0x0000000089900000, 0x0000000089900000, 0x0000000089a00000|  0%| F|  |TS  0|AC  0|TAMS 0x0000000089900000, 0x0000000089900000|
|  80|0x0000000089a00000, 0x0000000089a00000, 0x0000000089b00000|  0%| F|  |TS  0|AC  0|TAMS 0x0000000089a00000, 0x0000000089a00000|
|  81|0x0000000089b00000, 0x0000000089b00000, 0x0000000089c00000|  0%| F|  |TS  0|AC  0|TAMS 0x0000000089b00000, 0x0000000089b00000|
|  82|0x0000000089c00000, 0x0000000089c00000, 0x0000000089d00000|  0%| F|  |TS  0|AC  0|TAMS 0x0000000089c00000, 0x0000000089c00000|
|  83|0x0000000089d00000, 0x0000000089d00000, 0x0000000089e00000|  0%| F|  |TS  0|AC  0|TAMS 0x0000000089d00000, 0x0000000089d00000|
|  84|0x0000000089e00000, 0x0000000089e00000, 0x0000000089f00000|  0%| F|  |TS  0|AC  0|TAMS 0x0000000089e00000, 0x0000000089e00000|
|  85|0x0000000089f00000, 0x0000000089f00000, 0x000000008a000000|  0%| F|  |TS  0|AC  0|TAMS 0x0000000089f00000, 0x0000000089f00000|
|  86|0x000000008a000000, 0x000000008a000000, 0x000000008a100000|  0%| F|  |TS  0|AC  0|TAMS 0x000000008a000000, 0x000000008a000000|
|  87|0x000000008a100000, 0x000000008a100000, 0x000000008a200000|  0%| F|  |TS  0|AC  0|TAMS 0x000000008a100000, 0x000000008a100000|
|  88|0x000000008a200000, 0x000000008a200000, 0x000000008a300000|  0%| F|  |TS  0|AC  0|TAMS 0x000000008a200000, 0x000000008a200000|
|  89|0x000000008a300000, 0x000000008a300000, 0x000000008a400000|  0%| F|  |TS  0|AC  0|TAMS 0x000000008a300000, 0x000000008a300000|
|  90|0x000000008a400000, 0x000000008a400000, 0x000000008a500000|  0%| F|  |TS  0|AC  0|TAMS 0x000000008a400000, 0x000000008a400000|
|  91|0x000000008a500000, 0x000000008a500000, 0x000000008a600000|  0%| F|  |TS  0|AC  0|TAMS 0x000000008a500000, 0x000000008a500000|
|  92|0x000000008a600000, 0x000000008a600000, 0x000000008a700000|  0%| F|  |TS  0|AC  0|TAMS 0x000000008a600000, 0x000000008a600000|
|  93|0x000000008a700000, 0x000000008a700000, 0x000000008a800000|  0%| F|  |TS  0|AC  0|TAMS 0x000000008a700000, 0x000000008a700000|
|  94|0x000000008a800000, 0x000000008a800000, 0x000000008a900000|  0%| F|  |TS  0|AC  0|TAMS 0x000000008a800000, 0x000000008a800000|
|  95|0x000000008a900000, 0x000000008a900000, 0x000000008aa00000|  0%| F|  |TS  0|AC  0|TAMS 0x000000008a900000, 0x000000008a900000|
|  96|0x000000008aa00000, 0x000000008aa00000, 0x000000008ab00000|  0%| F|  |TS  0|AC  0|TAMS 0x000000008aa00000, 0x000000008aa00000|
|  97|0x000000008ab00000, 0x000000008ab00000, 0x000000008ac00000|  0%| F|  |TS  0|AC  0|TAMS 0x000000008ab00000, 0x000000008ab00000|
|  98|0x000000008ac00000, 0x000000008ac00000, 0x000000008ad00000|  0%| F|  |TS  0|AC  0|TAMS 0x000000008ac00000, 0x000000008ac00000|
|  99|0x000000008ad00000, 0x000000008ad00000, 0x000000008ae00000|  0%| F|  |TS  0|AC  0|TAMS 0x000000008ad00000, 0x000000008ad00000|
| 100|0x000000008ae00000, 0x000000008ae00000, 0x000000008af00000|  0%| F|  |TS  0|AC  0|TAMS 0x000000008ae00000, 0x000000008ae00000|
| 101|0x000000008af00000, 0x000000008af00000, 0x000000008b000000|  0%| F|  |TS  0|AC  0|TAMS 0x000000008af00000, 0x000000008af00000|
| 102|0x000000008b000000, 0x000000008b000000, 0x000000008b100000|  0%| F|  |TS  0|AC  0|TAMS 0x000000008b000000, 0x000000008b000000|
| 103|0x000000008b100000, 0x000000008b100000, 0x000000008b200000|  0%| F|  |TS  0|AC  0|TAMS 0x000000008b100000, 0x000000008b100000|
| 104|0x000000008b200000, 0x000000008b200000, 0x000000008b300000|  0%| F|  |TS  0|AC  0|TAMS 0x000000008b200000, 0x000000008b200000|
| 105|0x000000008b300000, 0x000000008b300000, 0x000000008b400000|  0%| F|  |TS  0|AC  0|TAMS 0x000000008b300000, 0x000000008b300000|
| 106|0x000000008b400000, 0x000000008b400000, 0x000000008b500000|  0%| F|  |TS  0|AC  0|TAMS 0x000000008b400000, 0x000000008b400000|
| 107|0x000000008b500000, 0x000000008b500000, 0x000000008b600000|  0%| F|  |TS  0|AC  0|TAMS 0x000000008b500000, 0x000000008b500000|
| 108|0x000000008b600000, 0x000000008b600000, 0x000000008b700000|  0%| F|  |TS  0|AC  0|TAMS 0x000000008b600000, 0x000000008b600000|
| 109|0x000000008b700000, 0x000000008b700000, 0x000000008b800000|  0%| F|  |TS  0|AC  0|TAMS 0x000000008b700000, 0x000000008b700000|
| 110|0x000000008b800000, 0x000000008b800000, 0x000000008b900000|  0%| F|  |TS  0|AC  0|TAMS 0x000000008b800000, 0x000000008b800000|
| 111|0x000000008b900000, 0x000000008b900000, 0x000000008ba00000|  0%| F|  |TS  0|AC  0|TAMS 0x000000008b900000, 0x000000008b900000|
| 112|0x000000008ba00000, 0x000000008ba00000, 0x000000008bb00000|  0%| F|  |TS  0|AC  0|TAMS 0x000000008ba00000, 0x000000008ba00000|
| 113|0x000000008bb00000, 0x000000008bb00000, 0x000000008bc00000|  0%| F|  |TS  0|AC  0|TAMS 0x000000008bb00000, 0x000000008bb00000|
| 114|0x000000008bc00000, 0x000000008bc00000, 0x000000008bd00000|  0%| F|  |TS  0|AC  0|TAMS 0x000000008bc00000, 0x000000008bc00000|
| 115|0x000000008bd00000, 0x000000008bd00000, 0x000000008be00000|  0%| F|  |TS  0|AC  0|TAMS 0x000000008bd00000, 0x000000008bd00000|
| 116|0x000000008be00000, 0x000000008be00000, 0x000000008bf00000|  0%| F|  |TS  0|AC  0|TAMS 0x000000008be00000, 0x000000008be00000|
| 117|0x000000008bf00000, 0x000000008bf00000, 0x000000008c000000|  0%| F|  |TS  0|AC  0|TAMS 0x000000008bf00000, 0x000000008bf00000|
| 118|0x000000008c000000, 0x000000008c000000, 0x000000008c100000|  0%| F|  |TS  0|AC  0|TAMS 0x000000008c000000, 0x000000008c000000|
| 119|0x000000008c100000, 0x000000008c100000, 0x000000008c200000|  0%| F|  |TS  0|AC  0|TAMS 0x000000008c100000, 0x000000008c100000|
| 120|0x000000008c200000, 0x000000008c2f6450, 0x000000008c300000| 96%| E|  |TS  0|AC  0|TAMS 0x000000008c200000, 0x000000008c200000|
| 121|0x000000008c300000, 0x000000008c400000, 0x000000008c400000|100%| E|CS|TS  0|AC  0|TAMS 0x000000008c300000, 0x000000008c300000|
| 122|0x000000008c400000, 0x000000008c500000, 0x000000008c500000|100%| E|CS|TS  0|AC  0|TAMS 0x000000008c400000, 0x000000008c400000|
| 123|0x000000008c500000, 0x000000008c600000, 0x000000008c600000|100%| E|CS|TS  0|AC  0|TAMS 0x000000008c500000, 0x000000008c500000|

Card table byte_map: [0x00007f0bb8db2000,0x00007f0bb918d000] byte_map_base: 0x00007f0bb898d000

Marking Bits (Prev, Next): (CMBitMap*) 0x00007f0bb405d4f0, (CMBitMap*) 0x00007f0bb405d528
 Prev Bits: [0x00007f0b99c4d000, 0x00007f0b9bb25000)
 Next Bits: [0x00007f0b7a128000, 0x00007f0b7c000000)

Polling page: 0x00007f0bbe470000

CodeHeap 'non-profiled nmethods': size=120032Kb used=241Kb max_used=241Kb free=119790Kb
 bounds [0x00007f0ba35ed000, 0x00007f0ba385d000, 0x00007f0baab25000]
CodeHeap 'profiled nmethods': size=120028Kb used=646Kb max_used=646Kb free=119381Kb
 bounds [0x00007f0b9c0b6000, 0x00007f0b9c326000, 0x00007f0ba35ed000]
CodeHeap 'non-nmethods': size=5700Kb used=1095Kb max_used=1111Kb free=4604Kb
 bounds [0x00007f0b9bb25000, 0x00007f0b9bd95000, 0x00007f0b9c0b6000]
 total_blobs=1060 nmethods=490 adapters=347
 compilation: enabled

Compilation events (10 events):
Event: 0.591 Thread 0x00007f0bb415f000  487       3       sun.invoke.util.VerifyAccess::isTypeVisible (118 bytes)
Event: 0.592 Thread 0x00007f0bb415b000  491       4       jdk.internal.org.objectweb.asm.ByteVector::putUTF8 (142 bytes)
Event: 0.592 Thread 0x00007f0bb415f000 nmethod 487 0x00007f0b9c154690 code [0x00007f0b9c154a20, 0x00007f0b9c156428]
Event: 0.592 Thread 0x00007f0bb415f000  488       3       java.lang.invoke.LambdaForm$BasicType::basicTypeSlots (8 bytes)
Event: 0.592 Thread 0x00007f0bb415f000 nmethod 488 0x00007f0b9c156b90 code [0x00007f0b9c156d40, 0x00007f0b9c156ef0]
Event: 0.592 Thread 0x00007f0bb415f000  489       3       sun.invoke.util.Wrapper::stackSlots (9 bytes)
Event: 0.592 Thread 0x00007f0bb415f000 nmethod 489 0x00007f0b9c157010 code [0x00007f0b9c1571c0, 0x00007f0b9c157310]
Event: 0.592 Thread 0x00007f0bb415f000  490       3       jdk.internal.org.objectweb.asm.ClassWriter::addType (39 bytes)
Event: 0.592 Thread 0x00007f0bb415f000 nmethod 490 0x00007f0b9c157390 code [0x00007f0b9c157580, 0x00007f0b9c1577e8]
Event: 0.597 Thread 0x00007f0bb415b000 nmethod 491 0x00007f0ba3628c10 code [0x00007f0ba3628dc0, 0x00007f0ba3629268]

GC Heap History (0 events):
No events

Deoptimization events (5 events):
Event: 0.055 Thread 0x00007f0bb4012000 Uncommon trap: reason=unstable_if action=reinterpret pc=0x00007f0ba35f2570 method=java.lang.String.hashCode()I @ 14 c2
Event: 0.524 Thread 0x00007f0bb4012000 Uncommon trap: reason=unstable_if action=reinterpret pc=0x00007f0ba3612a6c method=java.util.zip.ZipFile$ZipFileInputStream.read([BII)I @ 41 c2
Event: 0.524 Thread 0x00007f0bb4012000 Uncommon trap: reason=unstable_if action=reinterpret pc=0x00007f0ba360fcc0 method=java.util.zip.InflaterInputStream.read([BII)I @ 69 c2
Event: 0.524 Thread 0x00007f0bb4012000 Uncommon trap: reason=class_check action=maybe_recompile pc=0x00007f0ba3609a8c method=java.lang.ThreadLocal.get()Ljava/lang/Object; @ 6 c2
Event: 0.531 Thread 0x00007f0bb4012000 Uncommon trap: reason=unstable_if action=reinterpret pc=0x00007f0ba360d1e0 method=java.util.zip.ZipFile$ZipFileInputStream.initDataOffset()J @ 6 c2

Classes redefined (0 events):
No events

Internal exceptions (8 events):
Event: 0.128 Thread 0x00007f0bb4012000 Exception <a 'java/lang/NoSuchMethodError'{0x000000008c3ab748}: java.lang.Object.lambda$union$2(Ljava/util/regex/Pattern$CharPredicate;I)Z> (0x000000008c3ab748) thrown at [/build/openjdk-lts-HXybSI/openjdk-lts-10.0.2+13/src/hotspot/share/interpreter/linkR
Event: 0.144 Thread 0x00007f0bb4012000 Exception <a 'sun/nio/fs/UnixException'{0x000000008c3fe4f0}> (0x000000008c3fe4f0) thrown at [/build/openjdk-lts-HXybSI/openjdk-lts-10.0.2+13/src/hotspot/share/prims/jni.cpp, line 611]
Event: 0.144 Thread 0x00007f0bb4012000 Exception <a 'sun/nio/fs/UnixException'{0x000000008c3fec58}> (0x000000008c3fec58) thrown at [/build/openjdk-lts-HXybSI/openjdk-lts-10.0.2+13/src/hotspot/share/prims/jni.cpp, line 611]
Event: 0.144 Thread 0x00007f0bb4012000 Exception <a 'sun/nio/fs/UnixException'{0x000000008c3ff070}> (0x000000008c3ff070) thrown at [/build/openjdk-lts-HXybSI/openjdk-lts-10.0.2+13/src/hotspot/share/prims/jni.cpp, line 611]
Event: 0.144 Thread 0x00007f0bb4012000 Exception <a 'sun/nio/fs/UnixException'{0x000000008c3ff480}> (0x000000008c3ff480) thrown at [/build/openjdk-lts-HXybSI/openjdk-lts-10.0.2+13/src/hotspot/share/prims/jni.cpp, line 611]
Event: 0.144 Thread 0x00007f0bb4012000 Exception <a 'sun/nio/fs/UnixException'{0x000000008c3ff878}> (0x000000008c3ff878) thrown at [/build/openjdk-lts-HXybSI/openjdk-lts-10.0.2+13/src/hotspot/share/prims/jni.cpp, line 611]
Event: 0.590 Thread 0x00007f0bb4012000 Exception <a 'java/lang/NoSuchMethodError'{0x000000008c27c4b0}: method resolution failed> (0x000000008c27c4b0) thrown at [/build/openjdk-lts-HXybSI/openjdk-lts-10.0.2+13/src/hotspot/share/prims/methodHandles.cpp, line 1226]
Event: 0.591 Thread 0x00007f0bb4012000 Exception <a 'java/lang/NoSuchMethodError'{0x000000008c283758}: method resolution failed> (0x000000008c283758) thrown at [/build/openjdk-lts-HXybSI/openjdk-lts-10.0.2+13/src/hotspot/share/prims/methodHandles.cpp, line 1226]

Events (10 events):
Event: 0.590 loading class dk/sw502e18/ssr/ANN
Event: 0.590 loading class dk/sw502e18/ssr/ANN done
Event: 0.591 loading class org/opencv/core/Mat
Event: 0.591 loading class org/opencv/core/Mat done
Event: 0.591 loading class org/opencv/core/Mat
Event: 0.591 loading class org/opencv/core/Mat done
Event: 0.591 loading class dk/sw502e18/ssr/ANN
Event: 0.591 loading class dk/sw502e18/ssr/ANN done
Event: 0.591 loading class java/util/function/BiConsumer
Event: 0.592 loading class java/util/function/BiConsumer done


Dynamic libraries:
84a00000-8c600000 rw-p 00000000 00:00 0 
8c600000-100000000 ---p 00000000 00:00 0 
100000000-1000c0000 rw-p 00000000 00:00 0 
1000c0000-140000000 ---p 00000000 00:00 0 
55c0b671c000-55c0b671d000 r-xp 00000000 08:05 785                        /usr/lib/jvm/java-11-openjdk-amd64/bin/java
55c0b691d000-55c0b691e000 r--p 00001000 08:05 785                        /usr/lib/jvm/java-11-openjdk-amd64/bin/java
55c0b691e000-55c0b691f000 rw-p 00002000 08:05 785                        /usr/lib/jvm/java-11-openjdk-amd64/bin/java
55c0b76e7000-55c0b7708000 rw-p 00000000 00:00 0                          [heap]
7f0b07d9f000-7f0b0bca9000 r-xp 00000000 08:05 942721                     /tmp/opencv_openpnp10299164251359659216/nu/pattern/opencv/linux/x86_64/libopencv_java342.so
7f0b0bca9000-7f0b0bea9000 ---p 03f0a000 08:05 942721                     /tmp/opencv_openpnp10299164251359659216/nu/pattern/opencv/linux/x86_64/libopencv_java342.so
7f0b0bea9000-7f0b0befd000 r--p 03f0a000 08:05 942721                     /tmp/opencv_openpnp10299164251359659216/nu/pattern/opencv/linux/x86_64/libopencv_java342.so
7f0b0befd000-7f0b0bf48000 rw-p 03f5e000 08:05 942721                     /tmp/opencv_openpnp10299164251359659216/nu/pattern/opencv/linux/x86_64/libopencv_java342.so
7f0b0bf48000-7f0b0c000000 rw-p 00000000 00:00 0 
7f0b0c000000-7f0b0c021000 rw-p 00000000 00:00 0 
7f0b0c021000-7f0b10000000 ---p 00000000 00:00 0 
7f0b14000000-7f0b14021000 rw-p 00000000 00:00 0 
7f0b14021000-7f0b18000000 ---p 00000000 00:00 0 
7f0b18000000-7f0b18021000 rw-p 00000000 00:00 0 
7f0b18021000-7f0b1c000000 ---p 00000000 00:00 0 
7f0b1c000000-7f0b1c22a000 rw-p 00000000 00:00 0 
7f0b1c22a000-7f0b20000000 ---p 00000000 00:00 0 
7f0b20000000-7f0b20021000 rw-p 00000000 00:00 0 
7f0b20021000-7f0b24000000 ---p 00000000 00:00 0 
7f0b24000000-7f0b244f6000 rw-p 00000000 00:00 0 
7f0b244f6000-7f0b28000000 ---p 00000000 00:00 0 
7f0b28000000-7f0b284f3000 rw-p 00000000 00:00 0 
7f0b284f3000-7f0b2c000000 ---p 00000000 00:00 0 
7f0b2e582000-7f0b2f5cf000 rw-p 00000000 00:00 0 
7f0b2f5cf000-7f0b2f5e6000 r-xp 00000000 08:05 5839                       /usr/lib/jvm/java-11-openjdk-amd64/lib/libnet.so
7f0b2f5e6000-7f0b2f7e5000 ---p 00017000 08:05 5839                       /usr/lib/jvm/java-11-openjdk-amd64/lib/libnet.so
7f0b2f7e5000-7f0b2f7e6000 r--p 00016000 08:05 5839                       /usr/lib/jvm/java-11-openjdk-amd64/lib/libnet.so
7f0b2f7e6000-7f0b2f7e7000 rw-p 00017000 08:05 5839                       /usr/lib/jvm/java-11-openjdk-amd64/lib/libnet.so
7f0b2f7e7000-7f0b2f7f8000 r-xp 00000000 08:05 5841                       /usr/lib/jvm/java-11-openjdk-amd64/lib/libnio.so
7f0b2f7f8000-7f0b2f9f7000 ---p 00011000 08:05 5841                       /usr/lib/jvm/java-11-openjdk-amd64/lib/libnio.so
7f0b2f9f7000-7f0b2f9f8000 r--p 00010000 08:05 5841                       /usr/lib/jvm/java-11-openjdk-amd64/lib/libnio.so
7f0b2f9f8000-7f0b2f9f9000 rw-p 00011000 08:05 5841                       /usr/lib/jvm/java-11-openjdk-amd64/lib/libnio.so
7f0b2f9f9000-7f0b2f9fd000 ---p 00000000 00:00 0 
7f0b2f9fd000-7f0b2fafa000 rwxp 00000000 00:00 0 
7f0b2fafa000-7f0b2fafb000 ---p 00000000 00:00 0 
7f0b2fafb000-7f0b2fbfc000 rwxp 00000000 00:00 0 
7f0b2fbfc000-7f0b2fc00000 ---p 00000000 00:00 0 
7f0b2fc00000-7f0b2fcfd000 rwxp 00000000 00:00 0 
7f0b2fcfd000-7f0b2fd01000 ---p 00000000 00:00 0 
7f0b2fd01000-7f0b2fdfe000 rwxp 00000000 00:00 0 
7f0b2fdfe000-7f0b2fe02000 ---p 00000000 00:00 0 
7f0b2fe02000-7f0b2feff000 rwxp 00000000 00:00 0 
7f0b2feff000-7f0b2ff03000 ---p 00000000 00:00 0 
7f0b2ff03000-7f0b30000000 rwxp 00000000 00:00 0 
7f0b30000000-7f0b30021000 rw-p 00000000 00:00 0 
7f0b30021000-7f0b34000000 ---p 00000000 00:00 0 
7f0b34000000-7f0b344ff000 rw-p 00000000 00:00 0 
7f0b344ff000-7f0b38000000 ---p 00000000 00:00 0 
7f0b38000000-7f0b38021000 rw-p 00000000 00:00 0 
7f0b38021000-7f0b3c000000 ---p 00000000 00:00 0 
7f0b3c000000-7f0b3c021000 rw-p 00000000 00:00 0 
7f0b3c021000-7f0b40000000 ---p 00000000 00:00 0 
7f0b40000000-7f0b40021000 rw-p 00000000 00:00 0 
7f0b40021000-7f0b44000000 ---p 00000000 00:00 0 
7f0b44000000-7f0b44033000 rw-p 00000000 00:00 0 
7f0b44033000-7f0b48000000 ---p 00000000 00:00 0 
7f0b48000000-7f0b48021000 rw-p 00000000 00:00 0 
7f0b48021000-7f0b4c000000 ---p 00000000 00:00 0 
7f0b4c000000-7f0b4c021000 rw-p 00000000 00:00 0 
7f0b4c021000-7f0b50000000 ---p 00000000 00:00 0 
7f0b50000000-7f0b50021000 rw-p 00000000 00:00 0 
7f0b50021000-7f0b54000000 ---p 00000000 00:00 0 
7f0b54000000-7f0b54021000 rw-p 00000000 00:00 0 
7f0b54021000-7f0b58000000 ---p 00000000 00:00 0 
7f0b58000000-7f0b58021000 rw-p 00000000 00:00 0 
7f0b58021000-7f0b5c000000 ---p 00000000 00:00 0 
7f0b5c000000-7f0b5c021000 rw-p 00000000 00:00 0 
7f0b5c021000-7f0b60000000 ---p 00000000 00:00 0 
7f0b60000000-7f0b60021000 rw-p 00000000 00:00 0 
7f0b60021000-7f0b64000000 ---p 00000000 00:00 0 
7f0b64000000-7f0b64021000 rw-p 00000000 00:00 0 
7f0b64021000-7f0b68000000 ---p 00000000 00:00 0 
7f0b68000000-7f0b68021000 rw-p 00000000 00:00 0 
7f0b68021000-7f0b6c000000 ---p 00000000 00:00 0 
7f0b6c000000-7f0b6c021000 rw-p 00000000 00:00 0 
7f0b6c021000-7f0b70000000 ---p 00000000 00:00 0 
7f0b70000000-7f0b70021000 rw-p 00000000 00:00 0 
7f0b70021000-7f0b74000000 ---p 00000000 00:00 0 
7f0b74000000-7f0b74021000 rw-p 00000000 00:00 0 
7f0b74021000-7f0b78000000 ---p 00000000 00:00 0 
7f0b78027000-7f0b7802b000 ---p 00000000 00:00 0 
7f0b7802b000-7f0b78128000 rwxp 00000000 00:00 0 
7f0b78128000-7f0b7a318000 rw-p 00000000 00:00 0 
7f0b7a318000-7f0b7c000000 ---p 00000000 00:00 0 
7f0b7c000000-7f0b7c021000 rw-p 00000000 00:00 0 
7f0b7c021000-7f0b80000000 ---p 00000000 00:00 0 
7f0b80000000-7f0b80021000 rw-p 00000000 00:00 0 
7f0b80021000-7f0b84000000 ---p 00000000 00:00 0 
7f0b84000000-7f0b84021000 rw-p 00000000 00:00 0 
7f0b84021000-7f0b88000000 ---p 00000000 00:00 0 
7f0b88000000-7f0b88021000 rw-p 00000000 00:00 0 
7f0b88021000-7f0b8c000000 ---p 00000000 00:00 0 
7f0b8c000000-7f0b8c021000 rw-p 00000000 00:00 0 
7f0b8c021000-7f0b90000000 ---p 00000000 00:00 0 
7f0b90000000-7f0b90021000 rw-p 00000000 00:00 0 
7f0b90021000-7f0b94000000 ---p 00000000 00:00 0 
7f0b94000000-7f0b94021000 rw-p 00000000 00:00 0 
7f0b94021000-7f0b98000000 ---p 00000000 00:00 0 
7f0b98018000-7f0b980df000 rw-p 00000000 00:00 0 
7f0b980df000-7f0b980e3000 ---p 00000000 00:00 0 
7f0b980e3000-7f0b981e0000 rwxp 00000000 00:00 0 
7f0b981e0000-7f0b981e4000 ---p 00000000 00:00 0 
7f0b981e4000-7f0b982e1000 rwxp 00000000 00:00 0 
7f0b982e1000-7f0b985bf000 r--p 00000000 08:05 9611                       /usr/lib/locale/locale-archive
7f0b985bf000-7f0b985c3000 ---p 00000000 00:00 0 
7f0b985c3000-7f0b986c0000 rwxp 00000000 00:00 0 
7f0b986c0000-7f0b986c4000 ---p 00000000 00:00 0 
7f0b986c4000-7f0b987c1000 rwxp 00000000 00:00 0 
7f0b987c1000-7f0b987c2000 ---p 00000000 00:00 0 
7f0b987c2000-7f0b988c3000 rwxp 00000000 00:00 0 
7f0b988c3000-7f0b990b9000 rw-p 00000000 00:00 0 
7f0b990b9000-7f0b99139000 ---p 00000000 00:00 0 
7f0b99139000-7f0b9913a000 ---p 00000000 00:00 0 
7f0b9913a000-7f0b9923b000 rwxp 00000000 00:00 0 
7f0b9923b000-7f0b9923c000 ---p 00000000 00:00 0 
7f0b9923c000-7f0b9933d000 rwxp 00000000 00:00 0 
7f0b9933d000-7f0b9933e000 ---p 00000000 00:00 0 
7f0b9933e000-7f0b9943f000 rwxp 00000000 00:00 0 
7f0b9943f000-7f0b99440000 ---p 00000000 00:00 0 
7f0b99440000-7f0b99541000 rwxp 00000000 00:00 0 
7f0b99541000-7f0b99542000 ---p 00000000 00:00 0 
7f0b99542000-7f0b99643000 rwxp 00000000 00:00 0 
7f0b99643000-7f0b99644000 ---p 00000000 00:00 0 
7f0b99644000-7f0b99745000 rwxp 00000000 00:00 0 
7f0b99745000-7f0b99746000 ---p 00000000 00:00 0 
7f0b99746000-7f0b99847000 rwxp 00000000 00:00 0 
7f0b99847000-7f0b99848000 ---p 00000000 00:00 0 
7f0b99848000-7f0b99949000 rwxp 00000000 00:00 0 
7f0b99949000-7f0b9994a000 ---p 00000000 00:00 0 
7f0b9994a000-7f0b99a4b000 rwxp 00000000 00:00 0 
7f0b99a4b000-7f0b99e3d000 rw-p 00000000 00:00 0 
7f0b99e3d000-7f0b9bb25000 ---p 00000000 00:00 0 
7f0b9bb25000-7f0b9bd95000 rwxp 00000000 00:00 0 
7f0b9bd95000-7f0b9c0b6000 ---p 00000000 00:00 0 
7f0b9c0b6000-7f0b9c326000 rwxp 00000000 00:00 0 
7f0b9c326000-7f0ba35ed000 ---p 00000000 00:00 0 
7f0ba35ed000-7f0ba385d000 rwxp 00000000 00:00 0 
7f0ba385d000-7f0baab25000 ---p 00000000 00:00 0 
7f0baab25000-7f0bb4000000 r--s 00000000 08:05 5860                       /usr/lib/jvm/java-11-openjdk-amd64/lib/modules
7f0bb4000000-7f0bb44b1000 rw-p 00000000 00:00 0 
7f0bb44b1000-7f0bb8000000 ---p 00000000 00:00 0 
7f0bb8017000-7f0bb86d1000 rw-p 00000000 00:00 0 
7f0bb86d1000-7f0bb86d2000 ---p 00000000 00:00 0 
7f0bb86d2000-7f0bb87d3000 rwxp 00000000 00:00 0 
7f0bb87d3000-7f0bb87d4000 ---p 00000000 00:00 0 
7f0bb87d4000-7f0bb88d5000 rwxp 00000000 00:00 0 
7f0bb88d5000-7f0bb88d6000 ---p 00000000 00:00 0 
7f0bb88d6000-7f0bb89d7000 rwxp 00000000 00:00 0 
7f0bb89d7000-7f0bb8a15000 rw-p 00000000 00:00 0 
7f0bb8a15000-7f0bb8db2000 ---p 00000000 00:00 0 
7f0bb8db2000-7f0bb8df0000 rw-p 00000000 00:00 0 
7f0bb8df0000-7f0bb918d000 ---p 00000000 00:00 0 
7f0bb918d000-7f0bb91cb000 rw-p 00000000 00:00 0 
7f0bb91cb000-7f0bb9568000 ---p 00000000 00:00 0 
7f0bb9568000-7f0bb9d70000 rw-p 00000000 00:00 0 
7f0bb9d70000-7f0bb9d71000 ---p 00000000 00:00 0 
7f0bb9d71000-7f0bb9e72000 rwxp 00000000 00:00 0 
7f0bb9e72000-7f0bb9e73000 ---p 00000000 00:00 0 
7f0bb9e73000-7f0bb9f74000 rwxp 00000000 00:00 0 
7f0bb9f74000-7f0bb9f75000 ---p 00000000 00:00 0 
7f0bb9f75000-7f0bba076000 rwxp 00000000 00:00 0 
7f0bba076000-7f0bba077000 ---p 00000000 00:00 0 
7f0bba077000-7f0bba178000 rwxp 00000000 00:00 0 
7f0bba178000-7f0bba179000 ---p 00000000 00:00 0 
7f0bba179000-7f0bba27a000 rwxp 00000000 00:00 0 
7f0bba27a000-7f0bba27b000 ---p 00000000 00:00 0 
7f0bba27b000-7f0bba37c000 rwxp 00000000 00:00 0 
7f0bba37c000-7f0bba37d000 ---p 00000000 00:00 0 
7f0bba37d000-7f0bba47e000 rwxp 00000000 00:00 0 
7f0bba47e000-7f0bba47f000 ---p 00000000 00:00 0 
7f0bba47f000-7f0bba580000 rwxp 00000000 00:00 0 
7f0bba580000-7f0bba585000 rw-p 00000000 00:00 0 
7f0bba585000-7f0bba66b000 ---p 00000000 00:00 0 
7f0bba66b000-7f0bba670000 rw-p 00000000 00:00 0 
7f0bba670000-7f0bba756000 ---p 00000000 00:00 0 
7f0bba756000-7f0bba75b000 r-xp 00000000 08:05 5830                       /usr/lib/jvm/java-11-openjdk-amd64/lib/libjimage.so
7f0bba75b000-7f0bba95a000 ---p 00005000 08:05 5830                       /usr/lib/jvm/java-11-openjdk-amd64/lib/libjimage.so
7f0bba95a000-7f0bba95b000 r--p 00004000 08:05 5830                       /usr/lib/jvm/java-11-openjdk-amd64/lib/libjimage.so
7f0bba95b000-7f0bba95c000 rw-p 00005000 08:05 5830                       /usr/lib/jvm/java-11-openjdk-amd64/lib/libjimage.so
7f0bba95c000-7f0bba963000 r-xp 00000000 08:05 5857                       /usr/lib/jvm/java-11-openjdk-amd64/lib/libzip.so
7f0bba963000-7f0bbab62000 ---p 00007000 08:05 5857                       /usr/lib/jvm/java-11-openjdk-amd64/lib/libzip.so
7f0bbab62000-7f0bbab63000 r--p 00006000 08:05 5857                       /usr/lib/jvm/java-11-openjdk-amd64/lib/libzip.so
7f0bbab63000-7f0bbab64000 rw-p 00007000 08:05 5857                       /usr/lib/jvm/java-11-openjdk-amd64/lib/libzip.so
7f0bbab64000-7f0bbab6f000 r-xp 00000000 08:05 794180                     /lib/x86_64-linux-gnu/libnss_files-2.27.so
7f0bbab6f000-7f0bbad6e000 ---p 0000b000 08:05 794180                     /lib/x86_64-linux-gnu/libnss_files-2.27.so
7f0bbad6e000-7f0bbad6f000 r--p 0000a000 08:05 794180                     /lib/x86_64-linux-gnu/libnss_files-2.27.so
7f0bbad6f000-7f0bbad70000 rw-p 0000b000 08:05 794180                     /lib/x86_64-linux-gnu/libnss_files-2.27.so
7f0bbad70000-7f0bbad76000 rw-p 00000000 00:00 0 
7f0bbad76000-7f0bbad8d000 r-xp 00000000 08:05 794174                     /lib/x86_64-linux-gnu/libnsl-2.27.so
7f0bbad8d000-7f0bbaf8c000 ---p 00017000 08:05 794174                     /lib/x86_64-linux-gnu/libnsl-2.27.so
7f0bbaf8c000-7f0bbaf8d000 r--p 00016000 08:05 794174                     /lib/x86_64-linux-gnu/libnsl-2.27.so
7f0bbaf8d000-7f0bbaf8e000 rw-p 00017000 08:05 794174                     /lib/x86_64-linux-gnu/libnsl-2.27.so
7f0bbaf8e000-7f0bbaf90000 rw-p 00000000 00:00 0 
7f0bbaf90000-7f0bbaf9b000 r-xp 00000000 08:05 794191                     /lib/x86_64-linux-gnu/libnss_nis-2.27.so
7f0bbaf9b000-7f0bbb19a000 ---p 0000b000 08:05 794191                     /lib/x86_64-linux-gnu/libnss_nis-2.27.so
7f0bbb19a000-7f0bbb19b000 r--p 0000a000 08:05 794191                     /lib/x86_64-linux-gnu/libnss_nis-2.27.so
7f0bbb19b000-7f0bbb19c000 rw-p 0000b000 08:05 794191                     /lib/x86_64-linux-gnu/libnss_nis-2.27.so
7f0bbb19c000-7f0bbb1a4000 r-xp 00000000 08:05 794176                     /lib/x86_64-linux-gnu/libnss_compat-2.27.so
7f0bbb1a4000-7f0bbb3a4000 ---p 00008000 08:05 794176                     /lib/x86_64-linux-gnu/libnss_compat-2.27.so
7f0bbb3a4000-7f0bbb3a5000 r--p 00008000 08:05 794176                     /lib/x86_64-linux-gnu/libnss_compat-2.27.so
7f0bbb3a5000-7f0bbb3a6000 rw-p 00009000 08:05 794176                     /lib/x86_64-linux-gnu/libnss_compat-2.27.so
7f0bbb3a6000-7f0bbb3d2000 r-xp 00000000 08:05 5820                       /usr/lib/jvm/java-11-openjdk-amd64/lib/libjava.so
7f0bbb3d2000-7f0bbb5d1000 ---p 0002c000 08:05 5820                       /usr/lib/jvm/java-11-openjdk-amd64/lib/libjava.so
7f0bbb5d1000-7f0bbb5d2000 r--p 0002b000 08:05 5820                       /usr/lib/jvm/java-11-openjdk-amd64/lib/libjava.so
7f0bbb5d2000-7f0bbb5d4000 rw-p 0002c000 08:05 5820                       /usr/lib/jvm/java-11-openjdk-amd64/lib/libjava.so
7f0bbb5d4000-7f0bbb5e1000 r-xp 00000000 08:05 5856                       /usr/lib/jvm/java-11-openjdk-amd64/lib/libverify.so
7f0bbb5e1000-7f0bbb7e0000 ---p 0000d000 08:05 5856                       /usr/lib/jvm/java-11-openjdk-amd64/lib/libverify.so
7f0bbb7e0000-7f0bbb7e2000 r--p 0000c000 08:05 5856                       /usr/lib/jvm/java-11-openjdk-amd64/lib/libverify.so
7f0bbb7e2000-7f0bbb7e3000 rw-p 0000e000 08:05 5856                       /usr/lib/jvm/java-11-openjdk-amd64/lib/libverify.so
7f0bbb7e3000-7f0bbb7ea000 r-xp 00000000 08:05 794231                     /lib/x86_64-linux-gnu/librt-2.27.so
7f0bbb7ea000-7f0bbb9e9000 ---p 00007000 08:05 794231                     /lib/x86_64-linux-gnu/librt-2.27.so
7f0bbb9e9000-7f0bbb9ea000 r--p 00006000 08:05 794231                     /lib/x86_64-linux-gnu/librt-2.27.so
7f0bbb9ea000-7f0bbb9eb000 rw-p 00007000 08:05 794231                     /lib/x86_64-linux-gnu/librt-2.27.so
7f0bbb9eb000-7f0bbba02000 r-xp 00000000 08:05 794239                     /lib/x86_64-linux-gnu/libgcc_s.so.1
7f0bbba02000-7f0bbbc01000 ---p 00017000 08:05 794239                     /lib/x86_64-linux-gnu/libgcc_s.so.1
7f0bbbc01000-7f0bbbc02000 r--p 00016000 08:05 794239                     /lib/x86_64-linux-gnu/libgcc_s.so.1
7f0bbbc02000-7f0bbbc03000 rw-p 00017000 08:05 794239                     /lib/x86_64-linux-gnu/libgcc_s.so.1
7f0bbbc03000-7f0bbbda0000 r-xp 00000000 08:05 794153                     /lib/x86_64-linux-gnu/libm-2.27.so
7f0bbbda0000-7f0bbbf9f000 ---p 0019d000 08:05 794153                     /lib/x86_64-linux-gnu/libm-2.27.so
7f0bbbf9f000-7f0bbbfa0000 r--p 0019c000 08:05 794153                     /lib/x86_64-linux-gnu/libm-2.27.so
7f0bbbfa0000-7f0bbbfa1000 rw-p 0019d000 08:05 794153                     /lib/x86_64-linux-gnu/libm-2.27.so
7f0bbbfa1000-7f0bbc11a000 r-xp 00000000 08:05 11836                      /usr/lib/x86_64-linux-gnu/libstdc++.so.6.0.25
7f0bbc11a000-7f0bbc31a000 ---p 00179000 08:05 11836                      /usr/lib/x86_64-linux-gnu/libstdc++.so.6.0.25
7f0bbc31a000-7f0bbc324000 r--p 00179000 08:05 11836                      /usr/lib/x86_64-linux-gnu/libstdc++.so.6.0.25
7f0bbc324000-7f0bbc326000 rw-p 00183000 08:05 11836                      /usr/lib/x86_64-linux-gnu/libstdc++.so.6.0.25
7f0bbc326000-7f0bbc32a000 rw-p 00000000 00:00 0 
7f0bbc32a000-7f0bbd2c7000 r-xp 00000000 08:05 5870                       /usr/lib/jvm/java-11-openjdk-amd64/lib/server/libjvm.so
7f0bbd2c7000-7f0bbd4c7000 ---p 00f9d000 08:05 5870                       /usr/lib/jvm/java-11-openjdk-amd64/lib/server/libjvm.so
7f0bbd4c7000-7f0bbd58b000 r--p 00f9d000 08:05 5870                       /usr/lib/jvm/java-11-openjdk-amd64/lib/server/libjvm.so
7f0bbd58b000-7f0bbd5c3000 rw-p 01061000 08:05 5870                       /usr/lib/jvm/java-11-openjdk-amd64/lib/server/libjvm.so
7f0bbd5c3000-7f0bbd60c000 rw-p 00000000 00:00 0 
7f0bbd60c000-7f0bbd626000 r-xp 00000000 08:05 794223                     /lib/x86_64-linux-gnu/libpthread-2.27.so
7f0bbd626000-7f0bbd825000 ---p 0001a000 08:05 794223                     /lib/x86_64-linux-gnu/libpthread-2.27.so
7f0bbd825000-7f0bbd826000 r--p 00019000 08:05 794223                     /lib/x86_64-linux-gnu/libpthread-2.27.so
7f0bbd826000-7f0bbd827000 rw-p 0001a000 08:05 794223                     /lib/x86_64-linux-gnu/libpthread-2.27.so
7f0bbd827000-7f0bbd82b000 rw-p 00000000 00:00 0 
7f0bbd82b000-7f0bbd82e000 r-xp 00000000 08:05 794113                     /lib/x86_64-linux-gnu/libdl-2.27.so
7f0bbd82e000-7f0bbda2d000 ---p 00003000 08:05 794113                     /lib/x86_64-linux-gnu/libdl-2.27.so
7f0bbda2d000-7f0bbda2e000 r--p 00002000 08:05 794113                     /lib/x86_64-linux-gnu/libdl-2.27.so
7f0bbda2e000-7f0bbda2f000 rw-p 00003000 08:05 794113                     /lib/x86_64-linux-gnu/libdl-2.27.so
7f0bbda2f000-7f0bbda4b000 r-xp 00000000 08:05 794264                     /lib/x86_64-linux-gnu/libz.so.1.2.11
7f0bbda4b000-7f0bbdc4a000 ---p 0001c000 08:05 794264                     /lib/x86_64-linux-gnu/libz.so.1.2.11
7f0bbdc4a000-7f0bbdc4b000 r--p 0001b000 08:05 794264                     /lib/x86_64-linux-gnu/libz.so.1.2.11
7f0bbdc4b000-7f0bbdc4c000 rw-p 0001c000 08:05 794264                     /lib/x86_64-linux-gnu/libz.so.1.2.11
7f0bbdc4c000-7f0bbde33000 r-xp 00000000 08:05 794090                     /lib/x86_64-linux-gnu/libc-2.27.so
7f0bbde33000-7f0bbe033000 ---p 001e7000 08:05 794090                     /lib/x86_64-linux-gnu/libc-2.27.so
7f0bbe033000-7f0bbe037000 r--p 001e7000 08:05 794090                     /lib/x86_64-linux-gnu/libc-2.27.so
7f0bbe037000-7f0bbe039000 rw-p 001eb000 08:05 794090                     /lib/x86_64-linux-gnu/libc-2.27.so
7f0bbe039000-7f0bbe03d000 rw-p 00000000 00:00 0 
7f0bbe03d000-7f0bbe04c000 r-xp 00000000 08:05 5787                       /usr/lib/jvm/java-11-openjdk-amd64/lib/jli/libjli.so
7f0bbe04c000-7f0bbe24b000 ---p 0000f000 08:05 5787                       /usr/lib/jvm/java-11-openjdk-amd64/lib/jli/libjli.so
7f0bbe24b000-7f0bbe24c000 r--p 0000e000 08:05 5787                       /usr/lib/jvm/java-11-openjdk-amd64/lib/jli/libjli.so
7f0bbe24c000-7f0bbe24d000 rw-p 0000f000 08:05 5787                       /usr/lib/jvm/java-11-openjdk-amd64/lib/jli/libjli.so
7f0bbe24d000-7f0bbe274000 r-xp 00000000 08:05 794062                     /lib/x86_64-linux-gnu/ld-2.27.so
7f0bbe286000-7f0bbe344000 rw-p 00000000 00:00 0 
7f0bbe344000-7f0bbe348000 ---p 00000000 00:00 0 
7f0bbe348000-7f0bbe445000 rwxp 00000000 00:00 0 
7f0bbe445000-7f0bbe447000 rw-p 00000000 00:00 0 
7f0bbe45b000-7f0bbe461000 rw-p 00000000 00:00 0 
7f0bbe461000-7f0bbe468000 ---p 00000000 00:00 0 
7f0bbe468000-7f0bbe470000 rw-s 00000000 08:05 942720                     /tmp/hsperfdata_tobias/5172
7f0bbe470000-7f0bbe471000 ---p 00000000 00:00 0 
7f0bbe471000-7f0bbe472000 r--p 00000000 00:00 0 
7f0bbe472000-7f0bbe474000 rw-p 00000000 00:00 0 
7f0bbe474000-7f0bbe475000 r--p 00027000 08:05 794062                     /lib/x86_64-linux-gnu/ld-2.27.so
7f0bbe475000-7f0bbe476000 rw-p 00028000 08:05 794062                     /lib/x86_64-linux-gnu/ld-2.27.so
7f0bbe476000-7f0bbe477000 rw-p 00000000 00:00 0 
7ffe7ac62000-7ffe7ac81000 rwxp 00000000 00:00 0                          [stack]
7ffe7ac81000-7ffe7ac83000 rw-p 00000000 00:00 0 
7ffe7acb4000-7ffe7acb7000 r--p 00000000 00:00 0                          [vvar]
7ffe7acb7000-7ffe7acb9000 r-xp 00000000 00:00 0                          [vdso]
ffffffffff600000-ffffffffff601000 r-xp 00000000 00:00 0                  [vsyscall]


VM Arguments:
jvm_args: -Dfile.encoding=UTF-8 -Duser.country=US -Duser.language=en -Duser.variant 
java_command: dk.sw502e18.ssr.Main -m /home/tobias/Desktop/GTSRB/model.yml -t /home/tobias/Desktop/GTSRB/Training/ -a /home/tobias/Desktop/GTSRB/Online-Test-sort/
java_class_path (initial): /home/tobias/repos/P5/code/ssr/build/classes/java/main:/home/tobias/repos/P5/code/ssr/build/resources/main:/home/tobias/.gradle/caches/modules-2/files-2.1/org.openpnp/opencv/3.4.2-1/fbd8f36fd1ce4e2bf0dcb12befd7d4cfc74d8d35/opencv-3.4.2-1.jar:/home/tobias/.gradle/caches/modules-2/files-2.1/commons-collections/commons-collections/3.2/f951934aa5ae5a88d7e6dfaa6d32307d834a88be/commons-collections-3.2.jar:/home/tobias/.gradle/caches/modules-2/files-2.1/org.apache.commons/commons-lang3/3.0/8873bd0bb5cb9ee37f1b04578eb7e26fcdd44cb0/commons-lang3-3.0.jar:/home/tobias/.gradle/caches/modules-2/files-2.1/commons-cli/commons-cli/1.4/c51c00206bb913cd8612b24abd9fa98ae89719b1/commons-cli-1.4.jar:/home/tobias/.gradle/caches/modules-2/files-2.1/com.jcraft/jsch/0.1.55/bbd40e5aa7aa3cfad5db34965456cee738a42a50/jsch-0.1.55.jar
Launcher Type: SUN_STANDARD

Logging:
Log output configuration:
#0: stdout all=warning uptime,level,tags
#1: stderr all=off uptime,level,tags

Environment Variables:
PATH=/home/tobias/.local/bin:/home/tobias/.config/composer/vendor/bin:/home/tobias/.composer/vendor/bin:/usr/local/sbin:/usr/local/bin:/usr/sbin:/usr/bin:/sbin:/bin:/usr/games:/usr/local/games
SHELL=/bin/bash
DISPLAY=:0

Signal Handlers:
SIGSEGV: [libjvm.so+0xd28b70], sa_mask[0]=11111111011111111101111111111110, sa_flags=SA_RESTART|SA_SIGINFO
SIGBUS: [libjvm.so+0xd28b70], sa_mask[0]=11111111011111111101111111111110, sa_flags=SA_RESTART|SA_SIGINFO
SIGFPE: [libjvm.so+0xd28b70], sa_mask[0]=11111111011111111101111111111110, sa_flags=SA_RESTART|SA_SIGINFO
SIGPIPE: [libjvm.so+0xb2a1f0], sa_mask[0]=11111111011111111101111111111110, sa_flags=SA_RESTART|SA_SIGINFO
SIGXFSZ: [libjvm.so+0xb2a1f0], sa_mask[0]=11111111011111111101111111111110, sa_flags=SA_RESTART|SA_SIGINFO
SIGILL: [libjvm.so+0xd28b70], sa_mask[0]=11111111011111111101111111111110, sa_flags=SA_RESTART|SA_SIGINFO
SIGUSR2: [libjvm.so+0xb2a030], sa_mask[0]=00100000000000000000000000000000, sa_flags=SA_RESTART|SA_SIGINFO
SIGHUP: [libjvm.so+0xb2a180], sa_mask[0]=11111111011111111101111111111110, sa_flags=SA_RESTART|SA_SIGINFO
SIGINT: [libjvm.so+0xb2a180], sa_mask[0]=11111111011111111101111111111110, sa_flags=SA_RESTART|SA_SIGINFO
SIGTERM: [libjvm.so+0xb2a180], sa_mask[0]=11111111011111111101111111111110, sa_flags=SA_RESTART|SA_SIGINFO
SIGQUIT: [libjvm.so+0xb2a180], sa_mask[0]=11111111011111111101111111111110, sa_flags=SA_RESTART|SA_SIGINFO


---------------  S Y S T E M  ---------------

OS:DISTRIB_ID=LinuxMint
DISTRIB_RELEASE=19
DISTRIB_CODENAME=tara
DISTRIB_DESCRIPTION="Linux Mint 19 Tara"
uname:Linux 4.15.0-38-generic #41-Ubuntu SMP Wed Oct 10 10:59:38 UTC 2018 x86_64
libc:glibc 2.27 NPTL 2.27 
rlimit: STACK 8192k, CORE 0k, NPROC 31011, NOFILE 1048576, AS infinity, DATA infinity, FSIZE infinity
load average:0.73 0.75 0.63

/proc/meminfo:
MemTotal:        8077388 kB
MemFree:          158020 kB
MemAvailable:     606388 kB
Buffers:           53760 kB
Cached:          1313024 kB
SwapCached:       153488 kB
Active:          5263056 kB
Inactive:        1039624 kB
Active(anon):    4917480 kB
Inactive(anon):   753408 kB
Active(file):     345576 kB
Inactive(file):   286216 kB
Unevictable:          72 kB
Mlocked:              72 kB
SwapTotal:       5859324 kB
SwapFree:        4193292 kB
Dirty:             58540 kB
Writeback:             0 kB
AnonPages:       4934280 kB
Mapped:          1990484 kB
Shmem:            734984 kB
Slab:             210200 kB
SReclaimable:      79752 kB
SUnreclaim:       130448 kB
KernelStack:       19856 kB
PageTables:        81440 kB
NFS_Unstable:          0 kB
Bounce:                0 kB
WritebackTmp:          0 kB
CommitLimit:     9898016 kB
Committed_AS:   17067920 kB
VmallocTotal:   34359738367 kB
VmallocUsed:           0 kB
VmallocChunk:          0 kB
HardwareCorrupted:     0 kB
AnonHugePages:         0 kB
ShmemHugePages:        0 kB
ShmemPmdMapped:        0 kB
CmaTotal:              0 kB
CmaFree:               0 kB
HugePages_Total:       0
HugePages_Free:        0
HugePages_Rsvd:        0
HugePages_Surp:        0
Hugepagesize:       2048 kB
DirectMap4k:      361216 kB
DirectMap2M:     7938048 kB
DirectMap1G:     1048576 kB

container (cgroup) information:
container_type: cgroupv1
cpu_cpuset_cpus: 0-7
cpu_memory_nodes: 0
active_processor_count: 8
cpu_quota: -1
cpu_period: 100000
cpu_shares: -1
memory_limit_in_bytes: -1
memory_and_swap_limit_in_bytes: -2
memory_soft_limit_in_bytes: -1
memory_usage_in_bytes: 6477402112
memory_max_usage_in_bytes: 6652407808


CPU:total 8 (initial active 8) (4 cores per cpu, 2 threads per core) family 6 model 60 stepping 3, cmov, cx8, fxsr, mmx, sse, sse2, sse3, ssse3, sse4.1, sse4.2, popcnt, avx, avx2, aes, clmul, erms, lzcnt, ht, tsc, tscinvbit, bmi1, bmi2, fma
CPU Model and flags from /proc/cpuinfo:
model name	: Intel(R) Core(TM) i7-4720HQ CPU @ 2.60GHz
flags		: fpu vme de pse tsc msr pae mce cx8 apic sep mtrr pge mca cmov pat pse36 clflush dts acpi mmx fxsr sse sse2 ss ht tm pbe syscall nx pdpe1gb rdtscp lm constant_tsc arch_perfmon pebs bts rep_good nopl xtopology nonstop_tsc cpuid aperfmperf pni pclmulqdq dtes64 monitor ds_cpl vmx est tm2 ssse3 sdbg fma cx16 xtpr pdcm pcid sse4_1 sse4_2 x2apic movbe popcnt tsc_deadline_timer aes xsave avx f16c rdrand lahf_lm abm cpuid_fault epb invpcid_single pti ssbd ibrs ibpb stibp tpr_shadow vnmi flexpriority ept vpid fsgsbase tsc_adjust bmi1 avx2 smep bmi2 erms invpcid xsaveopt dtherm ida arat pln pts flush_l1d

Memory: 4k page, physical 8077388k(159532k free), swap 5859324k(4193292k free)

vm_info: OpenJDK 64-Bit Server VM (10.0.2+13-Ubuntu-1ubuntu0.18.04.3) for linux-amd64 JRE (10.0.2+13-Ubuntu-1ubuntu0.18.04.3), built on Oct  7 2018 15:06:09 by "buildd" with gcc 7.3.0

END.
